<?xml version="1.0" encoding="UTF-8"?>
<!-- Generated by org.testng.reporters.JUnitXMLReporter -->
<testsuite hostname="DEL-NGIRDHAR-LT" ignored="1" name="homeloan" tests="1" failures="1" timestamp="08 Sep 2019 06:07:23 GMT" time="0.006" errors="0">
  <testcase name="personalloaninquiry" time="0.0" classname="Test.HomeLoan">
    <failure type="org.testng.TestNGException" message="
Parameter &amp;apos;Uname&amp;apos; is required by @Test on method personalloaninquiry but has not been marked @Optional or defined
in D:\workspace\TestNGTutortial\testng.xml">
      <![CDATA[org.testng.TestNGException: 
Parameter 'Uname' is required by @Test on method personalloaninquiry but has not been marked @Optional or defined
in D:\workspace\TestNGTutortial\testng.xml
... Removed 24 stack frames]]>
    </failure>
  </testcase> <!-- personalloaninquiry -->
  <testcase name="Homeinterestrate" time="0.0" classname="Test.HomeLoan">
    <ignored/>
  </testcase> <!-- Homeinterestrate -->
</testsuite> <!-- homeloan -->
